    AMNA Wed Oct 15 2014 04:53:38 GMT+0000 (UTC)
==> [tm1i1m5h1w1c92j4i POST /auth/google/callback] Reason: "invalid_client" Error
    at /home/nate/live/attachd/node_modules/amna/lib/start.js:73:36
    at Layer.handle_error (/home/nate/live/attachd/node_modules/amna/node_modules/express/lib/router/layer.js:52:5)
    at trim_prefix (/home/nate/live/attachd/node_modules/amna/node_modules/express/lib/router/index.js:261:13)
    at /home/nate/live/attachd/node_modules/amna/node_modules/express/lib/router/index.js:230:9
    at Function.proto.process_params (/home/nate/live/attachd/node_modules/amna/node_modules/express/lib/router/index.js:305:12)
    at /home/nate/live/attachd/node_modules/amna/node_modules/express/lib/router/index.js:221:12
    at Function.match_layer (/home/nate/live/attachd/node_modules/amna/node_modules/express/lib/router/index.js:288:3)
    at next (/home/nate/live/attachd/node_modules/amna/node_modules/express/lib/router/index.js:182:10)
    at Layer.handle_error (/home/nate/live/attachd/node_modules/amna/node_modules/express/lib/router/layer.js:48:12)
    at trim_prefix (/home/nate/live/attachd/node_modules/amna/node_modules/express/lib/router/index.js:261:13)

    AMNA Wed Oct 15 2014 04:55:04 GMT+0000 (UTC)
==> [go9a75225bl0udi POST /auth/google/callback] Reason: "invalid_client" Error
    at /home/nate/live/attachd/node_modules/amna/lib/start.js:73:36
    at Layer.handle_error (/home/nate/live/attachd/node_modules/amna/node_modules/express/lib/router/layer.js:52:5)
    at trim_prefix (/home/nate/live/attachd/node_modules/amna/node_modules/express/lib/router/index.js:261:13)
    at /home/nate/live/attachd/node_modules/amna/node_modules/express/lib/router/index.js:230:9
    at Function.proto.process_params (/home/nate/live/attachd/node_modules/amna/node_modules/express/lib/router/index.js:305:12)
    at /home/nate/live/attachd/node_modules/amna/node_modules/express/lib/router/index.js:221:12
    at Function.match_layer (/home/nate/live/attachd/node_modules/amna/node_modules/express/lib/router/index.js:288:3)
    at next (/home/nate/live/attachd/node_modules/amna/node_modules/express/lib/router/index.js:182:10)
    at Layer.handle_error (/home/nate/live/attachd/node_modules/amna/node_modules/express/lib/router/layer.js:48:12)
    at trim_prefix (/home/nate/live/attachd/node_modules/amna/node_modules/express/lib/router/index.js:261:13)

    AMNA Wed Oct 15 2014 05:41:01 GMT+0000 (UTC)
==> [md1jk5luxv3d6lxr GET /] CastError: Cast to ObjectId failed for value "100145151089603808622" at path "_id"
    at ObjectId.cast (/home/nate/live/attachd/node_modules/amna/node_modules/mongoose/lib/schema/objectid.js:116:13)
    at ObjectId.castForQuery (/home/nate/live/attachd/node_modules/amna/node_modules/mongoose/lib/schema/objectid.js:165:17)
    at Query.cast (/home/nate/live/attachd/node_modules/amna/node_modules/mongoose/lib/query.js:2316:32)
    at Query.findOne (/home/nate/live/attachd/node_modules/amna/node_modules/mongoose/lib/query.js:1118:10)
    at Function.findOne (/home/nate/live/attachd/node_modules/amna/node_modules/mongoose/lib/model.js:1046:13)
    at Function.findById (/home/nate/live/attachd/node_modules/amna/node_modules/mongoose/lib/model.js:983:15)
    at deserializeUser (/home/nate/live/attachd/attachd.js:58:36)
    at pass (/home/nate/live/attachd/node_modules/amna/node_modules/passport/lib/authenticator.js:353:9)
    at Authenticator.deserializeUser (/home/nate/live/attachd/node_modules/amna/node_modules/passport/lib/authenticator.js:358:5)
    at SessionStrategy.authenticate (/home/nate/live/attachd/node_modules/amna/node_modules/passport/lib/strategies/session.js:49:28)

    AMNA Wed Oct 15 2014 05:44:19 GMT+0000 (UTC)
==> [ab7qtj8g5rssjor GET /] CastError: Cast to ObjectId failed for value "100145151089603808622" at path "_id"
    at ObjectId.cast (/home/nate/live/attachd/node_modules/amna/node_modules/mongoose/lib/schema/objectid.js:116:13)
    at ObjectId.castForQuery (/home/nate/live/attachd/node_modules/amna/node_modules/mongoose/lib/schema/objectid.js:165:17)
    at Query.cast (/home/nate/live/attachd/node_modules/amna/node_modules/mongoose/lib/query.js:2316:32)
    at Query.findOne (/home/nate/live/attachd/node_modules/amna/node_modules/mongoose/lib/query.js:1118:10)
    at Function.findOne (/home/nate/live/attachd/node_modules/amna/node_modules/mongoose/lib/model.js:1046:13)
    at Function.findById (/home/nate/live/attachd/node_modules/amna/node_modules/mongoose/lib/model.js:983:15)
    at deserializeUser (/home/nate/live/attachd/attachd.js:55:36)
    at pass (/home/nate/live/attachd/node_modules/amna/node_modules/passport/lib/authenticator.js:353:9)
    at Authenticator.deserializeUser (/home/nate/live/attachd/node_modules/amna/node_modules/passport/lib/authenticator.js:358:5)
    at SessionStrategy.authenticate (/home/nate/live/attachd/node_modules/amna/node_modules/passport/lib/strategies/session.js:49:28)

    AMNA Wed Oct 15 2014 05:50:53 GMT+0000 (UTC)
==> [kabbdlffgmc102j4i GET /] CastError: Cast to ObjectId failed for value "100145151089603808622" at path "_id"
    at ObjectId.cast (/home/nate/live/attachd/node_modules/amna/node_modules/mongoose/lib/schema/objectid.js:116:13)
    at ObjectId.castForQuery (/home/nate/live/attachd/node_modules/amna/node_modules/mongoose/lib/schema/objectid.js:165:17)
    at Query.cast (/home/nate/live/attachd/node_modules/amna/node_modules/mongoose/lib/query.js:2316:32)
    at Query.findOne (/home/nate/live/attachd/node_modules/amna/node_modules/mongoose/lib/query.js:1118:10)
    at Function.findOne (/home/nate/live/attachd/node_modules/amna/node_modules/mongoose/lib/model.js:1046:13)
    at Function.findById (/home/nate/live/attachd/node_modules/amna/node_modules/mongoose/lib/model.js:983:15)
    at deserializeUser (/home/nate/live/attachd/attachd.js:55:36)
    at pass (/home/nate/live/attachd/node_modules/amna/node_modules/passport/lib/authenticator.js:353:9)
    at Authenticator.deserializeUser (/home/nate/live/attachd/node_modules/amna/node_modules/passport/lib/authenticator.js:358:5)
    at SessionStrategy.authenticate (/home/nate/live/attachd/node_modules/amna/node_modules/passport/lib/strategies/session.js:49:28)

    AMNA Wed Oct 15 2014 05:50:54 GMT+0000 (UTC)
==> [m7zjjt6lbvpmsra4i GET /favicon.ico] CastError: Cast to ObjectId failed for value "100145151089603808622" at path "_id"
    at ObjectId.cast (/home/nate/live/attachd/node_modules/amna/node_modules/mongoose/lib/schema/objectid.js:116:13)
    at ObjectId.castForQuery (/home/nate/live/attachd/node_modules/amna/node_modules/mongoose/lib/schema/objectid.js:165:17)
    at Query.cast (/home/nate/live/attachd/node_modules/amna/node_modules/mongoose/lib/query.js:2316:32)
    at Query.findOne (/home/nate/live/attachd/node_modules/amna/node_modules/mongoose/lib/query.js:1118:10)
    at Function.findOne (/home/nate/live/attachd/node_modules/amna/node_modules/mongoose/lib/model.js:1046:13)
    at Function.findById (/home/nate/live/attachd/node_modules/amna/node_modules/mongoose/lib/model.js:983:15)
    at deserializeUser (/home/nate/live/attachd/attachd.js:55:36)
    at pass (/home/nate/live/attachd/node_modules/amna/node_modules/passport/lib/authenticator.js:353:9)
    at Authenticator.deserializeUser (/home/nate/live/attachd/node_modules/amna/node_modules/passport/lib/authenticator.js:358:5)
    at SessionStrategy.authenticate (/home/nate/live/attachd/node_modules/amna/node_modules/passport/lib/strategies/session.js:49:28)

    AMNA Wed Oct 15 2014 05:58:39 GMT+0000 (UTC)
==> [aitje5wwwmeso47vi GET /deauth?redirect=true] TypeError: Cannot read property 'deauth' of undefined
    at /home/nate/live/attachd/node_modules/amna/lib/authentication.js:87:66
    at Layer.handle [as handle_request] (/home/nate/live/attachd/node_modules/amna/node_modules/express/lib/router/layer.js:76:5)
    at next (/home/nate/live/attachd/node_modules/amna/node_modules/express/lib/router/route.js:100:13)
    at Route.dispatch (/home/nate/live/attachd/node_modules/amna/node_modules/express/lib/router/route.js:81:3)
    at Layer.handle [as handle_request] (/home/nate/live/attachd/node_modules/amna/node_modules/express/lib/router/layer.js:76:5)
    at /home/nate/live/attachd/node_modules/amna/node_modules/express/lib/router/index.js:227:24
    at Function.proto.process_params (/home/nate/live/attachd/node_modules/amna/node_modules/express/lib/router/index.js:305:12)
    at /home/nate/live/attachd/node_modules/amna/node_modules/express/lib/router/index.js:221:12
    at Function.match_layer (/home/nate/live/attachd/node_modules/amna/node_modules/express/lib/router/index.js:288:3)
    at next (/home/nate/live/attachd/node_modules/amna/node_modules/express/lib/router/index.js:182:10)

